[debug] [2018-10-29T07:03:03.631Z] ----------------------------------------------------------------------
[debug] [2018-10-29T07:03:03.634Z] Command:       C:\Program Files\nodejs\node.exe C:\Users\STD\AppData\Roaming\npm\node_modules\firebase-tools\bin\firebase serve
[debug] [2018-10-29T07:03:03.634Z] CLI Version:   4.2.1
[debug] [2018-10-29T07:03:03.634Z] Platform:      win32
[debug] [2018-10-29T07:03:03.634Z] Node Version:  v8.11.3
[debug] [2018-10-29T07:03:03.634Z] Time:          Mon Oct 29 2018 14:03:03 GMT+0700 (SE Asia Standard Time)
[debug] [2018-10-29T07:03:03.635Z] ----------------------------------------------------------------------
[debug] 
[debug] [2018-10-29T07:03:03.650Z] > command requires scopes: ["email","openid","https://www.googleapis.com/auth/cloudplatformprojects.readonly","https://www.googleapis.com/auth/firebase","https://www.googleapis.com/auth/cloud-platform"]
[debug] [2018-10-29T07:03:03.651Z] > authorizing via signed-in user
[debug] [2018-10-29T07:03:03.653Z] > refreshing access token with scopes: ["email","https://www.googleapis.com/auth/cloud-platform","https://www.googleapis.com/auth/cloudplatformprojects.readonly","https://www.googleapis.com/auth/firebase","openid"]
[debug] [2018-10-29T07:03:03.653Z] >>> HTTP REQUEST POST https://www.googleapis.com/oauth2/v3/token  

[debug] [2018-10-29T07:03:03.914Z] <<< HTTP RESPONSE 200
[debug] [2018-10-29T07:03:03.941Z] >>> HTTP REQUEST GET https://admin.firebase.com/v1/projects/shopee-se010  
 
[debug] [2018-10-29T07:03:05.657Z] <<< HTTP RESPONSE 200
[debug] [2018-10-29T07:03:05.657Z] >>> HTTP REQUEST GET https://cloudresourcemanager.googleapis.com/v1/projects/shopee-se010  
 
[debug] [2018-10-29T07:03:07.296Z] <<< HTTP RESPONSE 200
[info] 
[info] === Serving from 'D:\977-341\mobilequiz1-master'...
[info] 
[debug] [2018-10-29T07:03:07.299Z] >>> HTTP REQUEST GET https://mobilesdk-pa.googleapis.com/v1/projects/547446947132/clients/_:getWebAppConfig  
 
[debug] [2018-10-29T07:03:08.106Z] <<< HTTP RESPONSE 200
[info] i  hosting[shopee-se010]: Serving hosting files from: public
[info] +  hosting[shopee-se010]: Local server: http://localhost:5000
